\BOOKMARK [0][-]{chapter*.1}{\376\377\000L\036\335\000i\000\040\000n\000\363\000i\000\040\001\021\036\247\000u}{}% 1
\BOOKMARK [0][-]{chapter*.2}{\376\377\000T\000\363\000m\000\040\000t\036\257\000t\000\040\000b\000\341\000o\000\040\000c\000\341\000o}{}% 2
\BOOKMARK [0][-]{chapter*.3}{\376\377\000A\000b\000s\000t\000r\000a\000c\000t}{}% 3
\BOOKMARK [0][-]{chapter*.3}{\376\377\000M\036\345\000c\000\040\000l\036\345\000c}{}% 4
\BOOKMARK [0][-]{chapter*.3}{\376\377\000D\000a\000n\000h\000\040\000m\036\345\000c\000\040\000h\000\354\000n\000h\000\040\000v\036\275}{}% 5
\BOOKMARK [0][-]{chapter*.3}{\376\377\000D\000a\000n\000h\000\040\000m\036\345\000c\000\040\000b\036\243\000n\000g\000\040\000b\000i\036\303\000u}{}% 6
\BOOKMARK [0][-]{chapter*.4}{\376\377\000D\000a\000n\000h\000\040\000m\036\345\000c\000\040\000c\000\341\000c\000\040\000t\036\353\000\040\000v\000i\036\277\000t\000\040\000t\036\257\000t}{}% 7
\BOOKMARK [0][-]{chapter.1}{\376\377\001\020\036\267\000t\000\040\000v\036\245\000n\000\040\001\021\036\301}{}% 8
\BOOKMARK [1][-]{section.1.1}{\376\377\000T\036\325\000n\000g\000\040\000q\000u\000a\000n\000\040\000v\036\301\000\040\001\021\036\301\000\040\000t\000\340\000i}{chapter.1}% 9
\BOOKMARK [1][-]{section.1.2}{\376\377\000M\036\345\000c\000\040\000t\000i\000\352\000u\000\040\000c\036\347\000a\000\040\001\021\036\301\000\040\000t\000\340\000i}{chapter.1}% 10
\BOOKMARK [1][-]{section.1.3}{\376\377\000C\000\341\000c\000\040\000p\000h\001\260\001\241\000n\000g\000\040\000p\000h\000\341\000p\000\040\000s\036\355\000\040\000d\036\345\000n\000g\000\040\000t\000r\000o\000n\000g\000\040\000t\000h\000i\036\277\000t\000\040\000k\036\277}{chapter.1}% 11
\BOOKMARK [1][-]{section.1.4}{\376\377\000K\036\277\000t\000\040\000l\000u\036\255\000n}{chapter.1}% 12
\BOOKMARK [0][-]{chapter.2}{\376\377\000C\001\241\000\040\000s\036\337\000\040\000l\000\375\000\040\000t\000h\000u\000y\036\277\000t}{}% 13
\BOOKMARK [1][-]{section.2.1}{\376\377\000N\000g\000\364\000n\000\040\000n\000g\036\357\000\040\000l\036\255\000p\000\040\000t\000r\000\354\000n\000h\000\040\000C\000\043\000\040}{chapter.2}% 14
\BOOKMARK [1][-]{section.2.2}{\376\377\000.\000N\000E\000T}{chapter.2}% 15
\BOOKMARK [2][-]{subsection.2.2.1}{\376\377\000.\000N\000E\000T\000\040\000F\000r\000a\000m\000e\000w\000o\000r\000k}{section.2.2}% 16
\BOOKMARK [2][-]{subsection.2.2.2}{\376\377\000M\000o\000n\000o}{section.2.2}% 17
\BOOKMARK [2][-]{subsection.2.2.3}{\376\377\000.\000N\000E\000T\000\040\000C\000o\000r\000e}{section.2.2}% 18
\BOOKMARK [2][-]{subsection.2.2.4}{\376\377\000V\000\362\000n\000g\000\040\001\021\036\335\000i\000\040\000y\000\352\000u\000\040\000c\036\247\000u\000\040\000t\000r\000o\000n\000g\000\040\000A\000S\000P\000.\000N\000E\000T}{section.2.2}% 19
\BOOKMARK [1][-]{section.2.3}{\376\377\000C\000S\000H\000T\000M\000L}{chapter.2}% 20
\BOOKMARK [1][-]{section.2.4}{\376\377\000B\000o\000o\000t\000s\000t\000r\000a\000p}{chapter.2}% 21
\BOOKMARK [1][-]{section.2.5}{\376\377\000J\000q\000u\000e\000r\000y\000\040\000A\000j\000a\000x}{chapter.2}% 22
\BOOKMARK [2][-]{subsection.2.5.1}{\376\377\000J\000q\000u\000e\000r\000y}{section.2.5}% 23
\BOOKMARK [2][-]{subsection.2.5.2}{\376\377\000A\000j\000a\000x}{section.2.5}% 24
\BOOKMARK [1][-]{section.2.6}{\376\377\000P\000h\036\247\000n\000\040\000m\036\301\000m\000\040\000h\036\327\000\040\000t\000r\036\343\000\040\000v\000\340\000\040\000p\000h\000\341\000t\000\040\000t\000r\000i\036\303\000n\000\040\000w\000e\000b\000s\000i\000t\000e}{chapter.2}% 25
\BOOKMARK [2][-]{subsection.2.6.1}{\376\377\000V\000i\000s\000u\000a\000l\000\040\000S\000t\000u\000d\000i\000o}{section.2.6}% 26
\BOOKMARK [2][-]{subsection.2.6.2}{\376\377\000V\000i\000s\000u\000a\000l\000\040\000S\000t\000u\000d\000i\000o\000\040\000C\000o\000d\000e}{section.2.6}% 27
\BOOKMARK [2][-]{subsection.2.6.3}{\376\377\000M\000i\000c\000r\000o\000s\000o\000f\000t\000\040\000S\000q\000l\000\040\000S\000e\000r\000v\000e\000r\000\040\000M\000a\000n\000a\000g\000e\000m\000e\000n\000t\000\040\000S\000t\000u\000d\000i\000o}{section.2.6}% 28
\BOOKMARK [1][-]{section.2.7}{\376\377\000K\036\277\000t\000\040\000l\000u\036\255\000n}{chapter.2}% 29
\BOOKMARK [0][-]{chapter.3}{\376\377\000P\000h\000\342\000n\000\040\000t\000\355\000c\000h\000\040\000t\000h\000i\036\277\000t\000\040\000k\036\277\000\040\000h\036\307\000\040\000t\000h\036\321\000n\000g}{}% 30
\BOOKMARK [1][-]{section.3.1}{\376\377\000P\000h\000\342\000n\000\040\000t\000\355\000c\000h\000\040\000y\000\352\000u\000\040\000c\036\247\000u}{chapter.3}% 31
\BOOKMARK [2][-]{subsection.3.1.1}{\376\377\000M\000\364\000\040\000t\036\243\000\040\000h\036\307\000\040\000t\000h\036\321\000n\000g}{section.3.1}% 32
\BOOKMARK [2][-]{subsection.3.1.2}{\376\377\000Y\000\352\000u\000\040\000c\036\247\000u\000\040\000h\036\307\000\040\000t\000h\036\321\000n\000g}{section.3.1}% 33
\BOOKMARK [1][-]{section.3.2}{\376\377\000T\000h\000i\036\277\000t\000\040\000k\036\277\000\040\000h\036\307\000\040\000t\000h\036\321\000n\000g}{chapter.3}% 34
\BOOKMARK [2][-]{subsection.3.2.1}{\376\377\000S\001\241\000\040\001\021\036\323\000\040\000t\036\325\000n\000g\000\040\000q\000u\000a\000n\000\040\000h\036\307\000\040\000t\000h\036\321\000n\000g}{section.3.2}% 35
\BOOKMARK [2][-]{subsection.3.2.2}{\376\377\000S\001\241\000\040\001\021\036\323\000\040\000U\000s\000e\000\040\000c\000a\000s\000e\000\040\000d\000i\000a\000g\000r\000a\000m}{section.3.2}% 36
\BOOKMARK [2][-]{subsection.3.2.3}{\376\377\000B\000i\036\303\000u\000\040\001\021\036\323\000\040\000t\000u\036\247\000n\000\040\000t\036\361\000\040\000\050\000s\000e\000q\000u\000e\000n\000c\000e\000\040\000d\000i\000a\000g\000r\000a\000m\000\051}{section.3.2}% 37
\BOOKMARK [2][-]{subsection.3.2.4}{\376\377\000C\001\241\000\040\000s\036\337\000\040\000d\036\357\000\040\000l\000i\036\307\000u}{section.3.2}% 38
\BOOKMARK [1][-]{section.3.3}{\376\377\000K\036\277\000t\000\040\000l\000u\036\255\000n}{chapter.3}% 39
\BOOKMARK [0][-]{chapter.4}{\376\377\000T\000r\000i\036\303\000n\000\040\000k\000h\000a\000i\000,\000\040\000k\000i\036\303\000m\000\040\000t\000h\036\355\000\040\000v\000\340\000\040\000k\036\277\000t\000\040\000q\000u\036\243}{}% 40
\BOOKMARK [1][-]{section.4.1}{\376\377\000T\000r\000i\036\303\000n\000\040\000k\000h\000a\000i\000\040\000h\036\307\000\040\000t\000h\036\321\000n\000g}{chapter.4}% 41
\BOOKMARK [1][-]{section.4.2}{\376\377\000K\000i\036\303\000m\000\040\000t\000h\036\355\000\040\000h\036\307\000\040\000t\000h\036\321\000n\000g\000\040\000v\000\340\000\040\000k\036\277\000t\000\040\000q\000u\036\243}{chapter.4}% 42
\BOOKMARK [2][-]{subsection.4.2.1}{\376\377\000K\000i\036\303\000m\000\040\000t\000h\036\355}{section.4.2}% 43
\BOOKMARK [2][-]{subsection.4.2.2}{\376\377\000K\036\277\000t\000\040\000q\000u\036\243}{section.4.2}% 44
\BOOKMARK [0][-]{chapter*.5}{\376\377\000K\036\277\000t\000\040\000l\000u\036\255\000n}{}% 45
\BOOKMARK [0][-]{chapter*.5}{\376\377\000T\000\340\000i\000\040\000l\000i\036\307\000u\000\040\000t\000h\000a\000m\000\040\000k\000h\036\243\000o}{}% 46
